2011-03-07 11:49:48 Warning: Warning (512): <span style="color:Red;text-align:left"><b>SQL Error:</b> 1064: You have an error in your SQL syntax; check the manual that corresponds to your MySQL server version for the right syntax to use near 'setUid' at line 1</span> in [C:\xampp\htdocs\bene\cake\libs\model\datasources\dbo_source.php, line 684]
2011-03-07 11:51:14 Warning: Warning (512): <span style="color:Red;text-align:left"><b>SQL Error:</b> 1064: You have an error in your SQL syntax; check the manual that corresponds to your MySQL server version for the right syntax to use near 'is_ktai' at line 1</span> in [C:\xampp\htdocs\bene\cake\libs\model\datasources\dbo_source.php, line 684]
2011-03-07 11:51:27 Warning: Warning (512): <span style="color:Red;text-align:left"><b>SQL Error:</b> 1064: You have an error in your SQL syntax; check the manual that corresponds to your MySQL server version for the right syntax to use near 'is_ktai' at line 1</span> in [C:\xampp\htdocs\bene\cake\libs\model\datasources\dbo_source.php, line 684]
2011-03-07 11:55:59 Warning: Warning (512): <span style="color:Red;text-align:left"><b>SQL Error:</b> 1064: You have an error in your SQL syntax; check the manual that corresponds to your MySQL server version for the right syntax to use near 'is_ktai' at line 1</span> in [C:\xampp\htdocs\bene\cake\libs\model\datasources\dbo_source.php, line 684]
2011-03-07 11:59:23 Warning: Warning (512): <span style="color:Red;text-align:left"><b>SQL Error:</b> 1064: You have an error in your SQL syntax; check the manual that corresponds to your MySQL server version for the right syntax to use near 'setUid' at line 1</span> in [C:\xampp\htdocs\bene\cake\libs\model\datasources\dbo_source.php, line 684]
2011-03-07 11:59:37 Warning: Warning (512): <span style="color:Red;text-align:left"><b>SQL Error:</b> 1064: You have an error in your SQL syntax; check the manual that corresponds to your MySQL server version for the right syntax to use near 'setUid' at line 1</span> in [C:\xampp\htdocs\bene\cake\libs\model\datasources\dbo_source.php, line 684]
2011-03-07 11:59:59 Warning: Warning (512): <span style="color:Red;text-align:left"><b>SQL Error:</b> 1064: You have an error in your SQL syntax; check the manual that corresponds to your MySQL server version for the right syntax to use near 'setUid' at line 1</span> in [C:\xampp\htdocs\bene\cake\libs\model\datasources\dbo_source.php, line 684]
2011-03-07 12:00:41 Warning: Warning (512): <span style="color:Red;text-align:left"><b>SQL Error:</b> 1064: You have an error in your SQL syntax; check the manual that corresponds to your MySQL server version for the right syntax to use near '__setUid' at line 1</span> in [C:\xampp\htdocs\bene\cake\libs\model\datasources\dbo_source.php, line 684]
2011-03-07 16:23:25 Error: login2
2011-03-07 16:24:24 Error: login2
2011-03-07 16:24:33 Error: login2
2011-03-07 16:25:38 Warning: Warning (512): Users::isAuthorized() is not defined. in [C:\xampp\htdocs\bene\cake\libs\controller\controller.php, line 808]
2011-03-07 16:25:38 Warning: Warning (512): Users::isAuthorized() is not defined. in [C:\xampp\htdocs\bene\cake\libs\controller\controller.php, line 808]
2011-03-07 16:25:38 Warning: Warning (512): Users::isAuthorized() is not defined. in [C:\xampp\htdocs\bene\cake\libs\controller\controller.php, line 808]
2011-03-07 16:25:39 Warning: Warning (512): Users::isAuthorized() is not defined. in [C:\xampp\htdocs\bene\cake\libs\controller\controller.php, line 808]
2011-03-07 16:25:39 Warning: Warning (512): Users::isAuthorized() is not defined. in [C:\xampp\htdocs\bene\cake\libs\controller\controller.php, line 808]
2011-03-07 16:25:39 Warning: Warning (512): Users::isAuthorized() is not defined. in [C:\xampp\htdocs\bene\cake\libs\controller\controller.php, line 808]
2011-03-07 16:25:39 Warning: Warning (512): Users::isAuthorized() is not defined. in [C:\xampp\htdocs\bene\cake\libs\controller\controller.php, line 808]
2011-03-07 16:25:40 Warning: Warning (512): Users::isAuthorized() is not defined. in [C:\xampp\htdocs\bene\cake\libs\controller\controller.php, line 808]
2011-03-07 16:25:40 Warning: Warning (512): Users::isAuthorized() is not defined. in [C:\xampp\htdocs\bene\cake\libs\controller\controller.php, line 808]
2011-03-07 16:25:40 Warning: Warning (512): Users::isAuthorized() is not defined. in [C:\xampp\htdocs\bene\cake\libs\controller\controller.php, line 808]
2011-03-07 16:25:40 Warning: Warning (512): Users::isAuthorized() is not defined. in [C:\xampp\htdocs\bene\cake\libs\controller\controller.php, line 808]
2011-03-07 16:25:41 Warning: Warning (512): Users::isAuthorized() is not defined. in [C:\xampp\htdocs\bene\cake\libs\controller\controller.php, line 808]
2011-03-07 16:25:41 Warning: Warning (512): Users::isAuthorized() is not defined. in [C:\xampp\htdocs\bene\cake\libs\controller\controller.php, line 808]
2011-03-07 16:25:41 Warning: Warning (512): Users::isAuthorized() is not defined. in [C:\xampp\htdocs\bene\cake\libs\controller\controller.php, line 808]
2011-03-07 16:25:41 Warning: Warning (512): Users::isAuthorized() is not defined. in [C:\xampp\htdocs\bene\cake\libs\controller\controller.php, line 808]
2011-03-07 16:25:42 Warning: Warning (512): Users::isAuthorized() is not defined. in [C:\xampp\htdocs\bene\cake\libs\controller\controller.php, line 808]
2011-03-07 16:25:42 Warning: Warning (512): Users::isAuthorized() is not defined. in [C:\xampp\htdocs\bene\cake\libs\controller\controller.php, line 808]
2011-03-07 16:25:42 Warning: Warning (512): Users::isAuthorized() is not defined. in [C:\xampp\htdocs\bene\cake\libs\controller\controller.php, line 808]
2011-03-07 16:25:42 Warning: Warning (512): Users::isAuthorized() is not defined. in [C:\xampp\htdocs\bene\cake\libs\controller\controller.php, line 808]
2011-03-07 16:25:43 Warning: Warning (512): Users::isAuthorized() is not defined. in [C:\xampp\htdocs\bene\cake\libs\controller\controller.php, line 808]
2011-03-07 16:25:43 Warning: Warning (512): Users::isAuthorized() is not defined. in [C:\xampp\htdocs\bene\cake\libs\controller\controller.php, line 808]
2011-03-07 16:28:02 Warning: Warning (512): Auth::isAuthorized() - $authorize is set to an incorrect value.  Allowed settings are: "actions", "crud", "model" or null. in [C:\xampp\htdocs\bene\cake\libs\controller\components\auth.php, line 570]
2011-03-07 16:28:28 Warning: Warning (512): Auth::isAuthorized() - $authorize is set to an incorrect value.  Allowed settings are: "actions", "crud", "model" or null. in [C:\xampp\htdocs\bene\cake\libs\controller\components\auth.php, line 570]
2011-03-07 16:28:33 Warning: Warning (512): Auth::isAuthorized() - $authorize is set to an incorrect value.  Allowed settings are: "actions", "crud", "model" or null. in [C:\xampp\htdocs\bene\cake\libs\controller\components\auth.php, line 570]
2011-03-07 18:06:30 Error: 0
2011-03-07 18:06:30 Error: 0
2011-03-07 18:06:30 Error: 0
2011-03-07 18:06:30 Error: 0
2011-03-07 18:06:30 Error: 0
2011-03-07 18:06:30 Error: 0
2011-03-07 18:06:30 Error: 0
2011-03-07 18:06:31 Error: 0
2011-03-07 18:06:31 Error: 0
2011-03-07 18:06:31 Error: 0
2011-03-07 18:06:31 Error: 0
2011-03-07 18:06:31 Error: 0
2011-03-07 18:06:31 Error: 0
2011-03-07 18:06:31 Error: 0
2011-03-07 18:06:31 Error: 0
2011-03-07 18:06:32 Error: 0
2011-03-07 18:06:32 Error: 0
2011-03-07 18:06:32 Error: 0
2011-03-07 18:06:32 Error: 0
2011-03-07 18:06:32 Error: 0
2011-03-07 18:06:32 Error: 0
2011-03-07 18:09:11 Error: 0
2011-03-07 18:09:12 Error: 0
2011-03-07 18:09:12 Error: 0
2011-03-07 18:09:12 Error: 0
2011-03-07 18:09:12 Error: 0
2011-03-07 18:09:12 Error: 0
2011-03-07 18:09:12 Error: 0
2011-03-07 18:09:12 Error: 0
2011-03-07 18:09:12 Error: 0
2011-03-07 18:09:12 Error: 0
2011-03-07 18:09:13 Error: 0
2011-03-07 18:09:13 Error: 0
2011-03-07 18:09:13 Error: 0
2011-03-07 18:09:13 Error: 0
2011-03-07 18:09:13 Error: 0
2011-03-07 18:09:13 Error: 0
2011-03-07 18:09:13 Error: 0
2011-03-07 18:09:13 Error: 0
2011-03-07 18:09:13 Error: 0
2011-03-07 18:09:14 Error: 0
2011-03-07 18:09:14 Error: 0
2011-03-07 18:09:16 Error: 0
2011-03-07 18:09:16 Error: 0
2011-03-07 18:09:16 Error: 0
2011-03-07 18:09:16 Error: 0
2011-03-07 18:09:16 Error: 0
2011-03-07 18:09:16 Error: 0
2011-03-07 18:09:16 Error: 0
2011-03-07 18:09:17 Error: 0
2011-03-07 18:09:17 Error: 0
2011-03-07 18:09:17 Error: 0
2011-03-07 18:09:17 Error: 0
2011-03-07 18:09:17 Error: 0
2011-03-07 18:09:17 Error: 0
2011-03-07 18:09:17 Error: 0
2011-03-07 18:09:17 Error: 0
2011-03-07 18:09:17 Error: 0
2011-03-07 18:09:18 Error: 0
2011-03-07 18:09:18 Error: 0
2011-03-07 18:09:18 Error: 0
2011-03-07 18:09:18 Error: 0
2011-03-07 18:09:18 Error: 0
2011-03-07 18:09:21 Error: 0
2011-03-07 18:09:22 Error: 0
2011-03-07 18:09:22 Error: 0
2011-03-07 18:09:22 Error: 0
2011-03-07 18:09:23 Error: 0
2011-03-07 18:09:23 Error: 0
2011-03-07 18:09:24 Error: 0
2011-03-07 18:09:24 Error: 0
2011-03-07 18:09:25 Error: 0
2011-03-07 18:09:25 Error: 0
2011-03-07 18:09:26 Error: 0
2011-03-07 18:09:27 Error: 0
2011-03-07 18:09:27 Error: 0
2011-03-07 18:09:27 Error: 0
2011-03-07 18:09:28 Error: 0
2011-03-07 18:09:29 Error: 0
2011-03-07 18:09:29 Error: 0
2011-03-07 18:09:30 Error: 0
2011-03-07 18:09:30 Error: 0
2011-03-07 18:09:30 Error: 0
2011-03-07 18:09:31 Error: 0
2011-03-07 18:09:31 Error: 0
2011-03-07 18:09:31 Error: 0
2011-03-07 18:09:31 Error: 0
2011-03-07 18:09:31 Error: 0
2011-03-07 18:09:31 Error: 0
2011-03-07 18:09:31 Error: 0
2011-03-07 18:09:31 Error: 0
2011-03-07 18:09:31 Error: 0
2011-03-07 18:09:31 Error: 0
2011-03-07 18:09:31 Error: 0
2011-03-07 18:09:31 Error: 0
2011-03-07 18:09:32 Error: 0
2011-03-07 18:09:32 Error: 0
2011-03-07 18:09:32 Error: 0
2011-03-07 18:09:32 Error: 0
2011-03-07 18:09:32 Error: 0
2011-03-07 18:09:32 Error: 0
2011-03-07 18:09:32 Error: 0
2011-03-07 18:09:32 Error: 0
2011-03-07 18:09:32 Error: 0
2011-03-07 18:09:32 Error: 0
2011-03-07 18:09:33 Error: 0
2011-03-07 18:09:33 Error: 0
2011-03-07 18:09:33 Error: 0
2011-03-07 18:09:34 Error: 0
2011-03-07 18:09:34 Error: 0
2011-03-07 18:09:34 Error: 0
2011-03-07 18:09:34 Error: 0
2011-03-07 18:09:34 Error: 4
2011-03-07 18:09:35 Error: 0
2011-03-07 18:09:35 Error: 0
2011-03-07 18:09:36 Error: 0
2011-03-07 18:09:36 Error: 0
2011-03-07 18:09:37 Error: 0
2011-03-07 18:09:37 Error: 0
2011-03-07 18:09:38 Error: 0
2011-03-07 18:09:38 Error: 0
2011-03-07 18:09:39 Error: 0
2011-03-07 18:09:39 Error: 0
2011-03-07 18:09:40 Error: 0
2011-03-07 18:09:41 Error: 0
2011-03-07 18:09:41 Error: 0
2011-03-07 18:09:42 Error: 0
2011-03-07 18:09:42 Error: 0
2011-03-07 18:09:42 Error: 0
2011-03-07 18:09:43 Error: 0
2011-03-07 18:09:44 Error: 0
2011-03-07 18:09:44 Error: 0
2011-03-07 18:09:45 Error: 0
2011-03-07 18:09:45 Error: 0
2011-03-07 18:09:46 Error: 0
2011-03-07 18:09:46 Error: 0
2011-03-07 18:09:47 Error: 0
2011-03-07 18:09:47 Error: 0
2011-03-07 18:09:48 Error: 0
2011-03-07 18:09:49 Error: 0
2011-03-07 18:09:49 Error: 0
2011-03-07 18:09:50 Error: 0
2011-03-07 18:09:50 Error: 0
2011-03-07 18:09:51 Error: 0
2011-03-07 18:09:51 Error: 0
2011-03-07 18:09:52 Error: 0
2011-03-07 18:09:52 Error: 0
2011-03-07 18:09:53 Error: 0
2011-03-07 18:09:53 Error: 0
2011-03-07 18:09:54 Error: 0
2011-03-07 18:09:54 Error: 0
2011-03-07 18:09:55 Error: 0
2011-03-07 18:09:56 Error: 0
2011-03-07 18:09:56 Error: 0
2011-03-07 18:09:57 Error: 0
2011-03-07 18:09:57 Error: 0
2011-03-07 18:09:58 Error: 0
2011-03-07 18:09:58 Error: 0
2011-03-07 18:09:59 Error: 0
2011-03-07 18:09:59 Error: 0
2011-03-07 18:10:00 Error: 0
2011-03-07 18:10:00 Error: 0
2011-03-07 18:10:01 Error: 0
2011-03-07 18:10:01 Error: 0
2011-03-07 18:10:02 Error: 0
2011-03-07 18:10:02 Error: 0
2011-03-07 18:10:03 Error: 0
2011-03-07 18:10:03 Error: 0
2011-03-07 18:10:07 Error: 0
2011-03-07 18:10:07 Error: 4
2011-03-07 18:10:11 Error: 0
2011-03-07 18:10:11 Error: 0
2011-03-07 18:10:11 Error: 4
2011-03-07 18:10:13 Error: 0
2011-03-07 18:10:14 Error: 0
2011-03-07 18:10:14 Error: 4
2011-03-07 20:23:22 Warning: Warning (512): <span style="color:Red;text-align:left"><b>SQL Error:</b> 1054: Unknown column 'User.new_loginid' in 'where clause'</span> in [C:\xampp\htdocs\bene\cake\libs\model\datasources\dbo_source.php, line 684]
2011-03-07 21:59:21 Warning: Warning (512): <span style="color:Red;text-align:left"><b>SQL Error:</b> 1054: Unknown column 'User.new_loginid' in 'where clause'</span> in [C:\xampp\htdocs\bene\cake\libs\model\datasources\dbo_source.php, line 684]
2011-03-07 21:59:39 Warning: Warning (512): <span style="color:Red;text-align:left"><b>SQL Error:</b> 1054: Unknown column 'User.new_loginid' in 'where clause'</span> in [C:\xampp\htdocs\bene\cake\libs\model\datasources\dbo_source.php, line 684]
2011-03-07 22:01:07 Warning: Warning (512): <span style="color:Red;text-align:left"><b>SQL Error:</b> 1054: Unknown column 'User.new_loginid' in 'where clause'</span> in [C:\xampp\htdocs\bene\cake\libs\model\datasources\dbo_source.php, line 684]
2011-03-07 22:01:52 Warning: Warning (512): <span style="color:Red;text-align:left"><b>SQL Error:</b> 1054: Unknown column 'User.new_loginid' in 'where clause'</span> in [C:\xampp\htdocs\bene\cake\libs\model\datasources\dbo_source.php, line 684]
2011-03-07 22:02:48 Warning: Warning (512): <span style="color:Red;text-align:left"><b>SQL Error:</b> 1054: Unknown column 'User.new_loginid' in 'where clause'</span> in [C:\xampp\htdocs\bene\cake\libs\model\datasources\dbo_source.php, line 684]
2011-03-07 22:02:55 Warning: Warning (512): <span style="color:Red;text-align:left"><b>SQL Error:</b> 1054: Unknown column 'User.new_loginid' in 'where clause'</span> in [C:\xampp\htdocs\bene\cake\libs\model\datasources\dbo_source.php, line 684]
2011-03-07 22:03:10 Warning: Warning (512): <span style="color:Red;text-align:left"><b>SQL Error:</b> 1054: Unknown column 'User.new_loginid' in 'where clause'</span> in [C:\xampp\htdocs\bene\cake\libs\model\datasources\dbo_source.php, line 684]
2011-03-07 22:04:27 Warning: Warning (512): <span style="color:Red;text-align:left"><b>SQL Error:</b> 1054: Unknown column 'User.new_loginid' in 'where clause'</span> in [C:\xampp\htdocs\bene\cake\libs\model\datasources\dbo_source.php, line 684]
2011-03-07 22:05:46 Warning: Warning (512): <span style="color:Red;text-align:left"><b>SQL Error:</b> 1054: Unknown column 'User.new_loginid' in 'where clause'</span> in [C:\xampp\htdocs\bene\cake\libs\model\datasources\dbo_source.php, line 684]
2011-03-07 22:05:49 Warning: Warning (512): <span style="color:Red;text-align:left"><b>SQL Error:</b> 1054: Unknown column 'User.new_loginid' in 'where clause'</span> in [C:\xampp\htdocs\bene\cake\libs\model\datasources\dbo_source.php, line 684]
2011-03-07 22:07:40 Warning: Warning (512): <span style="color:Red;text-align:left"><b>SQL Error:</b> 1054: Unknown column 'User.new_loginid' in 'where clause'</span> in [C:\xampp\htdocs\bene\cake\libs\model\datasources\dbo_source.php, line 684]
2011-03-07 22:07:56 Warning: Warning (512): <span style="color:Red;text-align:left"><b>SQL Error:</b> 1054: Unknown column 'User.new_loginid' in 'where clause'</span> in [C:\xampp\htdocs\bene\cake\libs\model\datasources\dbo_source.php, line 684]
2011-03-07 22:08:05 Warning: Warning (512): <span style="color:Red;text-align:left"><b>SQL Error:</b> 1054: Unknown column 'User.new_loginid' in 'where clause'</span> in [C:\xampp\htdocs\bene\cake\libs\model\datasources\dbo_source.php, line 684]
2011-03-07 22:20:31 Warning: Warning (512): <span style="color:Red;text-align:left"><b>SQL Error:</b> 1054: Unknown column 'User.new_loginid' in 'where clause'</span> in [C:\xampp\htdocs\bene\cake\libs\model\datasources\dbo_source.php, line 684]
2011-03-07 22:56:17 Warning: Warning (2): Missing argument 1 for ChildrenController::setChild(), called in C:\xampp\htdocs\bene\app\controllers\children_controller.php on line 15 and defined in [C:\xampp\htdocs\bene\app\controllers\children_controller.php, line 82]
